SF:lib/data/user/model/user_dto.dart
DA:6,2
DA:12,1
DA:13,1
DA:14,1
DA:15,1
DA:16,1
DA:17,0
DA:18,1
DA:19,3
DA:20,1
DA:31,2
DA:34,1
DA:35,1
DA:36,1
DA:37,1
DA:38,1
DA:39,1
DA:40,1
LF:18
LH:17
end_of_record
SF:lib/data/user/user_remote_data_source.dart
DA:16,1
DA:18,1
DA:21,3
DA:25,2
DA:32,1
DA:36,3
DA:39,2
LF:7
LH:7
end_of_record
SF:lib/domain/model/user_paginated.dart
DA:10,1
DA:13,0
DA:14,0
DA:17,1
DA:18,1
DA:19,1
DA:20,1
DA:21,1
DA:22,3
DA:23,1
DA:24,1
DA:25,1
DA:26,1
DA:27,1
DA:28,1
DA:29,0
LF:16
LH:13
end_of_record
SF:lib/domain/repository/user_repository.dart
DA:15,1
DA:17,1
DA:19,1
DA:20,1
DA:21,3
DA:24,1
DA:27,2
DA:28,1
DA:29,2
LF:9
LH:9
end_of_record
SF:lib/common/error_message_utils.dart
DA:3,0
DA:4,0
DA:8,0
DA:9,0
DA:10,0
DA:12,0
DA:16,0
DA:17,0
DA:19,0
LF:9
LH:0
end_of_record
SF:lib/common/extensions.dart
DA:2,3
LF:1
LH:1
end_of_record
SF:lib/domain/model/user.dart
DA:10,1
DA:18,1
DA:20,6
LF:3
LH:3
end_of_record
